/system/app
2012-03-03 12:20 AccountsAndSyncSettings.apk
2012-03-03 12:20 AccountsAndSyncSettings.odex
2012-03-03 12:20 ApkBatchInstall.apk
2012-03-03 12:20 ApplicationsProvider.apk
2012-03-03 12:20 Bluetooth.apk
2012-03-03 12:20 Browser.apk
2012-03-03 12:20 Calculator.apk
2012-03-03 12:20 Calendar.apk
2012-03-03 12:20 Calendar.odex
2012-03-03 12:20 CalendarProvider.apk
2012-03-03 12:20 CalendarProvider.odex
2012-03-03 12:20 Camera.apk
2012-03-03 12:20 Camera.odex
2012-03-03 12:20 CertInstaller.apk
2012-03-03 12:20 Contacts.apk
2012-03-03 12:20 ContactsProvider.apk
2012-03-03 12:20 DefaultContainerService.apk
2012-03-03 12:20 DeskClock.apk
2012-03-03 12:20 DeskClock.odex
2012-03-03 12:20 DownloadProvider.apk
2012-03-03 12:20 DownloadProviderUi.apk
2012-03-03 12:20 DrmProvider.apk
2012-03-03 12:20 dxtg-huawei-vwr-pdf_3.003.1029.apk
2012-03-03 12:20 dxtg-huawei-vwr-pdf_3.003.1029.odex
2012-03-03 12:20 Email.apk
2012-03-03 12:20 FileManager.apk
2012-03-03 12:20 FMRadio.apk
2012-03-03 12:20 Gallery3D.apk
2012-03-03 12:20 GenieWidget.apk
2012-03-03 12:20 GenieWidget.odex
2012-03-03 12:20 Gmail.apk
2012-03-03 12:20 GoogleBackupTransport.apk
2012-03-03 12:20 GoogleCalendarSyncAdapter.apk
2012-03-03 12:20 GoogleCalendarSyncAdapter.odex
2012-03-03 12:20 GoogleContactsSyncAdapter.apk
2012-03-03 12:20 GoogleContactsSyncAdapter.odex
2012-03-03 12:20 GoogleFeedback.apk
2012-03-03 12:20 GooglePartnerSetup.apk
2012-03-03 12:20 GoogleQuickSearchBox.apk
2012-03-03 12:20 GoogleQuickSearchBox.odex
2012-03-03 12:20 GoogleServicesFramework.apk
2012-03-03 12:20 HTMLViewer.apk
2012-03-03 12:20 HuaweiLauncher2.apk
2012-03-03 12:20 HuaweiLauncher2.odex
2012-03-03 12:20 HWDrmApp.apk
2012-03-03 12:20 HwWallpaperChooser.apk
2012-03-03 12:20 LatinIME.apk
2012-03-03 12:20 LiveWallpapers.apk
2012-03-03 12:20 LiveWallpapersPicker.apk
2012-03-03 12:20 MagicSmokeWallpapers.apk
2012-03-03 12:20 Maps.apk
2012-03-03 12:20 MarketUpdater.apk
2012-03-03 12:20 MediaCenter.apk
2012-03-03 12:20 MediaProvider.apk
2012-03-03 12:20 MediaUploader.apk
2012-03-03 12:20 MMITest_II.apk
2012-03-03 12:20 Mms.apk
2012-03-03 12:20 MyCalendar.apk
2012-03-03 12:20 MyCalendar.odex
2012-03-03 12:20 MyEmail.apk
2012-03-03 12:20 MyEmail.odex
2012-03-03 12:20 NetAssistant.apk
2012-03-03 12:20 NetworkLocation.apk
2012-03-03 12:20 NotePad.apk
2012-03-03 12:20 OMACP.apk
2012-03-03 12:20 OMACP.odex
2012-03-03 12:20 OmaDownload.apk
2012-03-03 12:20 PackageInstaller.apk
2012-03-03 12:20 Phone.apk
2012-03-03 12:20 Phonesky.apk
2012-03-03 12:20 Phonesky.odex
2012-03-03 12:20 PicoTts.apk
2012-03-03 12:20 PicoTts.odex
2012-03-03 12:20 ProjectMenuAct.apk
2012-03-03 12:20 Protips.apk
2012-03-03 12:20 Settings.apk
2012-03-03 12:20 Settings.odex
2012-03-03 12:20 SettingsProvider.apk
2012-03-03 12:20 SettingsProvider.odex
2012-03-03 12:20 SetupWizard.apk
2012-03-03 12:20 SetupWizardEx.apk
2012-03-03 12:20 SetupWizardEx.odex
2012-03-03 12:20 SetupWizard.odex
2012-03-03 12:20 SmartcardService.apk
2012-03-03 12:20 SNSService.apk
2012-03-03 12:20 SNSService.odex
2012-03-03 12:20 SocialExt.apk
2012-03-03 12:20 SoundRecorder.apk
2012-03-03 12:20 Stk.apk
2012-03-03 12:20 Street.apk
2012-03-03 12:20 SystemUI.apk
2012-03-03 12:20 Talk.apk
2012-03-03 12:20 TelephonyProvider.apk
2012-03-03 12:20 ToolBox.apk
2012-03-03 12:20 ToolBox.odex
2012-03-03 12:20 TotemWeather.apk
2012-03-03 12:20 TotemWeather.odex
2012-03-03 12:20 TtsService.apk
2012-03-03 12:20 UpdataOnline.apk
2012-03-03 12:20 UpdaterSolutionEx.apk
2012-03-03 12:20 UpdaterSolutionEx.odex
2012-03-03 12:20 UserDictionaryProvider.apk
2012-03-03 12:20 VisualizationWallpapers.apk
2012-03-03 12:20 VoiceSearch.apk
2012-03-03 12:20 VpnServices.apk
2012-03-03 12:20 YouTube.apk
/system/bin
2012-03-03 12:18 afar
2012-03-03 12:18 akmd8962
2012-03-03 12:18 akmd8975
2012-03-03 12:18 am
2012-03-03 12:18 applypatch
2012-03-03 12:18 app_process
2012-03-03 12:18 bluetoothd
2012-03-03 12:18 bmgr
2012-03-03 12:18 bootanimation
2012-03-03 12:18 bootanimationex
2012-03-03 12:18 brcm_patchram_plus
2012-03-03 12:18 btld
2012-03-03 12:18 bugreport
2012-03-03 12:18 callife
2012-03-03 12:18 cat -> toolbox
2012-03-03 12:18 charge
2012-03-03 12:18 chmod -> toolbox
2012-03-03 12:18 chown -> toolbox
2012-03-03 12:18 CKPD-daemon
2012-03-03 12:18 cmp -> toolbox
2012-03-03 12:18 compassd
2012-03-03 12:18 dalvikvm
2012-03-03 12:18 date -> toolbox
2012-03-03 12:18 dbus-daemon
2012-03-03 12:18 dd -> toolbox
2012-03-03 12:18 debuggerd
2012-03-03 12:18 dexopt
2012-03-03 12:18 dexopt-wrapper
2012-03-03 12:18 df -> toolbox
2012-03-03 12:18 dhcpcd
2012-03-03 12:18 dhd
2012-03-03 12:18 diag_klog
2012-03-03 12:18 diag_mdlog
2012-03-03 12:18 dmesg -> toolbox
2012-03-03 12:18 dnsmasq
2012-03-03 12:18 dumpstate
2012-03-03 12:18 dumpsys
2012-03-03 12:18 dvz
2012-03-03 12:18 fsck_msdos
2012-03-03 12:18 getevent -> toolbox
2012-03-03 12:18 getprop -> toolbox
2012-03-03 12:18 gzip
2012-03-03 12:18 hciattach
2012-03-03 12:18 hci_dev_state
2012-03-03 12:18 hd -> toolbox
2012-03-03 12:18 hwvefs
2012-03-03 12:18 id -> toolbox
2012-03-03 12:18 ifconfig -> toolbox
2012-03-03 12:18 iftop -> toolbox
2012-03-03 12:18 ime
2012-03-03 12:18 input
2012-03-03 12:18 insmod -> toolbox
2012-03-03 12:18 installd
2012-03-03 12:18 ioctl -> toolbox
2012-03-03 12:18 ionice -> toolbox
2012-03-03 12:18 iperf
2012-03-03 12:18 iptables
2012-03-03 12:18 keystore
2012-03-03 12:18 kill -> toolbox
2012-03-03 12:18 kmsgcat
2012-03-03 12:18 linker
2012-03-03 12:18 ln -> toolbox
2012-03-03 12:18 load_oemlogo
2012-03-03 12:18 log -> toolbox
2012-03-03 12:18 logcat
2012-03-03 12:18 logwrapper
2012-03-03 12:18 ls -> toolbox
2012-03-03 12:18 lsmod -> toolbox
2012-03-03 12:18 lsof -> toolbox
2012-03-03 12:18 mediaserver
2012-03-03 12:18 mkdir -> toolbox
2012-03-03 12:18 mm-abl-test
2012-03-03 12:18 mm-adec-omxaac-test
2012-03-03 12:18 mm-adec-omxadpcm-test
2012-03-03 12:18 mm-adec-omxamr-test
2012-03-03 12:18 mm-adec-omxamrwb-test
2012-03-03 12:18 mm-adec-omxmp3-test
2012-03-03 12:18 mm-adec-omxwma-test
2012-03-03 12:18 mm-adspsvc-test
2012-03-03 12:18 mm-aenc-omxaac-test
2012-03-03 12:18 mm-aenc-omxamr-test
2012-03-03 12:18 mm-aenc-omxevrc-test
2012-03-03 12:18 mm-aenc-omxqcelp13-test
2012-03-03 12:18 mm-audio-alsa-test
2012-03-03 12:18 mm-audio-ctrl-test
2012-03-03 12:18 mm-audio-mvs-test
2012-03-03 12:18 mm-jpeg-dec-test
2012-03-03 12:18 mm-jpeg-enc-test
2012-03-03 12:18 mm-qcamera-test
2012-03-03 12:18 mm-qcamera-testsuite-client
2012-03-03 12:18 mm-vdec-omx-test
2012-03-03 12:18 mm-venc-omx-test
2012-03-03 12:18 modempre
2012-03-03 12:18 monkey
2012-03-03 12:18 mount -> toolbox
2012-03-03 12:18 mtpd
2012-03-03 12:18 mv -> toolbox
2012-03-03 12:18 nandread -> toolbox
2012-03-03 12:18 ndc
2012-03-03 12:18 netcfg
2012-03-03 12:18 netd
2012-03-03 12:18 netmgrd
2012-03-03 12:18 netstat -> toolbox
2012-03-03 12:18 newfs_msdos -> toolbox
2012-03-03 12:18 nl_listener
2012-03-03 12:18 notify -> toolbox
2012-03-03 12:18 oem_rpc_svc
2012-03-03 12:18 omx_tests
2012-03-03 12:18 pand
2012-03-03 12:18 pcm-bridge
2012-03-03 12:18 pcscd
2012-03-03 12:18 ping
2012-03-03 12:18 PktRspTest
2012-03-03 12:18 pm
2012-03-03 12:18 port-bridge
2012-03-03 12:18 pppd
2012-03-03 12:18 printenv -> toolbox
2012-03-03 12:18 ps -> toolbox
2012-03-03 12:18 qmuxd
2012-03-03 12:18 racoon
2012-03-03 12:18 reboot -> toolbox
2012-03-03 12:18 renice -> toolbox
2012-03-03 12:18 rild
2012-03-03 12:18 rm -> toolbox
2012-03-03 12:18 rmdir -> toolbox
2012-03-03 12:18 rmmod -> toolbox
2012-03-03 12:18 route -> toolbox
2012-03-03 12:18 run-as
2012-03-03 12:18 schedtest
2012-03-03 12:18 schedtop -> toolbox
2012-03-03 12:18 sdcard
2012-03-03 12:18 sdptool
2012-03-03 12:18 sendevent -> toolbox
2012-03-03 12:18 service
2012-03-03 12:18 servicemanager
2012-03-03 12:18 setconsole -> toolbox
2012-03-03 12:18 setprop -> toolbox
2012-03-03 12:18 sh
2012-03-03 12:18 shutdownanimation
2012-03-03 12:18 sleep -> toolbox
2012-03-03 12:18 sleeplogcat
2012-03-03 12:18 smd -> toolbox
2012-03-03 12:18 sprint-recovery
2012-03-03 12:18 start -> toolbox
2012-03-03 12:18 stop -> toolbox
2012-03-03 12:18 surfaceflinger
2012-03-03 12:18 svc
2012-03-03 12:18 sync -> toolbox
2012-03-03 12:18 system_server
2012-03-03 12:18 tc
2012-03-03 12:18 test_diag
2012-03-03 12:18 testpcsc
2012-03-03 12:18 toolbox
2012-03-03 12:18 top -> toolbox
2012-03-03 12:18 umount -> toolbox
2012-03-03 12:18 uptime -> toolbox
2012-03-03 12:18 vdc
2012-03-03 12:18 vmstat -> toolbox
2012-03-03 12:18 vold
2012-03-03 12:18 watchprops -> toolbox
2012-03-03 12:18 wipe -> toolbox
2012-03-03 12:18 wl
2012-03-03 12:18 wpa_supplicant
/system/lib
2012-03-03 12:18 bluez-plugin
2012-03-03 12:18 egl
2012-03-03 12:18 hw
2012-03-03 12:18 liba2dp.so
2012-03-03 12:18 libacc.so
2012-03-03 12:18 libandroid_runtime.so
2012-03-03 12:18 libandroid_servers.so
2012-03-03 12:18 libandroid.so
2012-03-03 12:18 libaudioalsa.so
2012-03-03 12:18 libaudioeffect_jni.so
2012-03-03 12:18 libaudioeq.so
2012-03-03 12:18 libaudioflinger.so
2012-03-03 12:18 libaudiopolicy.so
2012-03-03 12:18 libaudio.so
2012-03-03 12:18 libauth.so
2012-03-03 12:18 libbcm_fm_power.so
2012-03-03 12:18 libbinder.so
2012-03-03 12:18 libbluedroid.so
2012-03-03 12:18 libbluetoothd.so
2012-03-03 12:18 libbluetooth.so
2012-03-03 12:18 libbtl_if.so
2012-03-03 12:18 libcamera_client.so
2012-03-03 12:18 libcameraservice.so
2012-03-03 12:18 libcamera.so
2012-03-03 12:18 libchip_management.so
2012-03-03 12:18 libcm.so
2012-03-03 12:18 libcommondefs.so
2012-03-03 12:18 libcrypto.so
2012-03-03 12:18 libc.so
2012-03-03 12:18 libctest.so
2012-03-03 12:18 libcutils.so
2012-03-03 12:18 libdbus.so
2012-03-03 12:18 libdebuginfojni.so
2012-03-03 12:18 libdiag.so
2012-03-03 12:18 libdiskconfig.so
2012-03-03 12:18 libdll.so
2012-03-03 12:18 libdl.so
2012-03-03 12:18 libdrm1_jni.so
2012-03-03 12:18 libdrm1.so
2012-03-03 12:18 libdsm.so
2012-03-03 12:18 libdsprofile.so
2012-03-03 12:18 libdss.so
2012-03-03 12:18 libdsutils.so
2012-03-03 12:18 libdvm.so
2012-03-03 12:18 libeffects.so
2012-03-03 12:18 libEGL.so
2012-03-03 12:18 libemoji.so
2012-03-03 12:18 libETC1.so
2012-03-03 12:18 libexif.so
2012-03-03 12:18 libexpat.so
2012-03-03 12:18 libFFTEm.so
2012-03-03 12:18 libfm_hal.so
2012-03-03 12:18 libfm_volume.so
2012-03-03 12:18 libfotaagent.so
2012-03-03 12:18 libfotatrigger.so
2012-03-03 12:18 libfuse.so
2012-03-03 12:18 libGLESv1_CM.so
2012-03-03 12:18 libGLESv2.so
2012-03-03 12:18 lib_glossary.so
2012-03-03 12:18 libgsdi_exp.so
2012-03-03 12:18 libgsl.so
2012-03-03 12:18 libgstk_exp.so
2012-03-03 12:18 libgui.so
2012-03-03 12:18 libhardware_legacy.so
2012-03-03 12:18 libhardware.so
2012-03-03 12:18 libhelixplayer.so
2012-03-03 12:18 libhwdrm1_jni.so
2012-03-03 12:18 libhwdrm1.so
2012-03-03 12:18 libhwfotaadapter.so
2012-03-03 12:18 libhwnv.so
2012-03-03 12:18 libhwrpc.so
2012-03-03 12:18 libhwtransfer.so
2012-03-03 12:18 libicui18n.so
2012-03-03 12:18 libicuuc.so
2012-03-03 12:18 libifdsmartcardapi.so
2012-03-03 12:18 libinbidi.so
2012-03-03 12:18 libiprouteutil.so
2012-03-03 12:18 libjnigraphics.so
2012-03-03 12:18 libjni_latinime.so
2012-03-03 12:18 libjni_pinyinime.so
2012-03-03 12:18 libjpeg.so
2012-03-03 12:18 libloc_api-rpc-qc.so
2012-03-03 12:18 liblog.so
2012-03-03 12:18 libmedia_jni.so
2012-03-03 12:18 libmediaplayerservice.so
2012-03-03 12:18 libmedia.so
2012-03-03 12:18 libmm-abl.so
2012-03-03 12:18 libmm-adspsvc.so
2012-03-03 12:18 libmmgsdilib.so
2012-03-03 12:18 libmmipl.so
2012-03-03 12:18 libmmitest.so
2012-03-03 12:18 libmmjpeg.so
2012-03-03 12:18 libmm-omxcore.so
2012-03-03 12:18 libmmprocess.so
2012-03-03 12:18 libmsc.so
2012-03-03 12:18 libm.so
2012-03-03 12:18 libmvs.so
2012-03-03 12:18 libnativehelper.so
2012-03-03 12:18 libnetlink.so
2012-03-03 12:18 libnetmgr.so
2012-03-03 12:18 libnetutils.so
2012-03-03 12:18 libnfc_ndef.so
2012-03-03 12:18 libnv.so
2012-03-03 12:18 liboemcamera.so
2012-03-03 12:18 liboem_rapi.so
2012-03-03 12:18 libomx_aacdec_sharedlibrary.so
2012-03-03 12:18 libOmxAacDec.so
2012-03-03 12:18 libOmxAacEnc.so
2012-03-03 12:18 libOmxAdpcmDec.so
2012-03-03 12:18 libomx_amrdec_sharedlibrary.so
2012-03-03 12:18 libOmxAmrDec.so
2012-03-03 12:18 libomx_amrenc_sharedlibrary.so
2012-03-03 12:18 libOmxAmrEnc.so
2012-03-03 12:18 libOmxAmrRtpDec.so
2012-03-03 12:18 libOmxAmrwbDec.so
2012-03-03 12:18 libomx_avcdec_sharedlibrary.so
2012-03-03 12:18 libOmxCore.so
2012-03-03 12:18 libOmxEvrcEnc.so
2012-03-03 12:18 libOmxH264Dec.so
2012-03-03 12:18 libomx_m4vdec_sharedlibrary.so
2012-03-03 12:18 libomx_mp3dec_sharedlibrary.so
2012-03-03 12:18 libOmxMp3Dec.so
2012-03-03 12:18 libOmxMpeg4Dec.so
2012-03-03 12:18 libOmxQcelp13Enc.so
2012-03-03 12:18 libomx_sharedlibrary.so
2012-03-03 12:18 libOmxVidEnc.so
2012-03-03 12:18 libOmxWmaDec.so
2012-03-03 12:18 libOmxWmvDec.so
2012-03-03 12:18 liboncrpc.so
2012-03-03 12:18 libopencore_author.so
2012-03-03 12:18 libopencore_common.so
2012-03-03 12:18 libopencore_downloadreg.so
2012-03-03 12:18 libopencore_download.so
2012-03-03 12:18 libopencorehw.so
2012-03-03 12:18 libopencore_mp4localreg.so
2012-03-03 12:18 libopencore_mp4local.so
2012-03-03 12:18 libopencore_net_support.so
2012-03-03 12:18 libopencore_player.so
2012-03-03 12:18 libopencore_rtspreg.so
2012-03-03 12:18 libopencore_rtsp.so
2012-03-03 12:18 libOpenSLES.so
2012-03-03 12:18 libOpenVG.so
2012-03-03 12:18 libpbmlib.so
2012-03-03 12:18 libpdapi.so
2012-03-03 12:18 libpdsm_atl.so
2012-03-03 12:18 libping_mdm.so
2012-03-03 12:18 libpixelflinger.so
2012-03-03 12:18 libpn544_fw.so
2012-03-03 12:18 libprojectmenu.so
2012-03-03 12:18 libqcomm_omx.so
2012-03-03 12:18 libqmi.so
2012-03-03 12:18 libqueue.so
2012-03-03 12:18 libreference-cdma-sms.so
2012-03-03 12:18 libreference-ril.so
2012-03-03 12:18 libril-qc-1.so
2012-03-03 12:18 libril-qcril-hook-oem.so
2012-03-03 12:18 libril.so
2012-03-03 12:18 librpc.so
2012-03-03 12:18 librs_jni.so
2012-03-03 12:18 libRS.so
2012-03-03 12:18 librtp_jni.so
2012-03-03 12:18 libsensorservice.so
2012-03-03 12:18 libsettings.so
2012-03-03 12:18 libshareril.so
2012-03-03 12:18 libsipStatusThread.so
2012-03-03 12:18 libskiagl.so
2012-03-03 12:18 libskia.so
2012-03-03 12:18 libsnd.so
2012-03-03 12:18 libsonivox.so
2012-03-03 12:18 libsoundpool.so
2012-03-03 12:18 libsqlite_jni.so
2012-03-03 12:18 libsqlite.so
2012-03-03 12:18 libSR_AudioIn.so
2012-03-03 12:18 libsrec_jni.so
2012-03-03 12:18 libsrsprocessing.so
2012-03-03 12:18 libssl.so
2012-03-03 12:18 libstagefright_amrnb_common.so
2012-03-03 12:18 libstagefright_avc_common.so
2012-03-03 12:18 libstagefright_color_conversion.so
2012-03-03 12:18 libstagefright_enc_common.so
2012-03-03 12:18 libstagefright_foundation.so
2012-03-03 12:18 libstagefrighthw.so
2012-03-03 12:18 libstagefright_omx.so
2012-03-03 12:18 libstagefright.so
2012-03-03 12:18 libstdc++.so
2012-03-03 12:18 libstlport.so
2012-03-03 12:18 libsurfaceflinger_client.so
2012-03-03 12:18 libsurfaceflinger.so
2012-03-03 12:18 libsystem_server.so
2012-03-03 12:18 libsysutils.so
2012-03-03 12:18 libthread_db.so
2012-03-03 12:18 libttspico.so
2012-03-03 12:18 libttssynthproxy.so
2012-03-03 12:18 libuim.so
2012-03-03 12:18 libui.so
2012-03-03 12:18 libutils.so
2012-03-03 12:18 libvoicerecorder.so
2012-03-03 12:18 libvoicesearch.so
2012-03-03 12:18 libvorbisidec.so
2012-03-03 12:18 libwebcore.so
2012-03-03 12:18 libwms.so
2012-03-03 12:18 libwmsts.so
2012-03-03 12:18 libwpa_client.so
2012-03-03 12:18 libz.so
2012-03-03 12:18 soundfx
/system/framework
2012-03-03 12:20 am.jar
2012-03-03 12:20 am.odex
2012-03-03 12:20 android.policy.jar
2012-03-03 12:20 android.policy.odex
2012-03-03 12:20 android.test.runner.jar
2012-03-03 12:20 android.test.runner.odex
2012-03-03 12:20 bmgr.jar
2012-03-03 12:20 bmgr.odex
2012-03-03 12:20 bouncycastle.jar
2012-03-03 12:20 bouncycastle.odex
2012-03-03 12:20 com.android.location.provider.jar
2012-03-03 12:20 com.android.location.provider.odex
2012-03-03 12:20 com.google.android.maps.jar
2012-03-03 12:20 com.google.android.maps.odex
2012-03-03 12:20 core.jar
2012-03-03 12:20 core-junit.jar
2012-03-03 12:20 core-junit.odex
2012-03-03 12:20 core.odex
2012-03-03 12:20 ext.jar
2012-03-03 12:20 ext.odex
2012-03-03 12:20 framework.jar
2012-03-03 12:20 framework.odex
2012-03-03 12:20 framework-res.apk
2012-03-03 12:20 framework-res-hwext.apk
2012-03-03 12:20 ime.jar
2012-03-03 12:20 ime.odex
2012-03-03 12:20 input.jar
2012-03-03 12:20 input.odex
2012-03-03 12:20 javax.obex.jar
2012-03-03 12:20 javax.obex.odex
2012-03-03 12:20 monkey.jar
2012-03-03 12:20 monkey.odex
2012-03-03 12:20 pm.jar
2012-03-03 12:20 pm.odex
2012-03-03 12:20 qcnvitems.jar
2012-03-03 12:20 qcnvitems.odex
2012-03-03 12:20 qcrilhook.jar
2012-03-03 12:20 qcrilhook.odex
2012-03-03 12:20 services.jar
2012-03-03 12:20 services.odex
2012-03-03 12:20 sprintext.jar
2012-03-03 12:20 sprintext.odex
2012-03-03 12:20 sqlite-jdbc.jar
2012-03-03 12:20 sqlite-jdbc.odex
2012-03-03 12:20 svc.jar
2012-03-03 12:20 svc.odex
